<?xml version="1.0" encoding="UTF-8"?>
<!-- Generated by org.testng.reporters.JUnitReportReporter -->
<testsuite hostname="INLEN8520047048" failures="0" tests="2" name="com.capgemini.tests.TalentCapgemeniTest" time="5.891" errors="0" timestamp="19 Oct 2022 14:52:14 GMT" skipped="0">
  <testcase classname="com.capgemini.tests.TalentCapgemeniTest" name="navigateToTalentPage" time="4.521"/>
  <testcase classname="com.capgemini.tests.TalentCapgemeniTest" name="enterLoginDetails" time="1.370"/>
</testsuite> <!-- com.capgemini.tests.TalentCapgemeniTest -->
